<?xml version="1.0" encoding="UTF-8"?>
<!-- Generated by org.testng.reporters.JUnitXMLReporter -->
<testsuite hostname="admin-PC" name="Test" tests="3" failures="0" timestamp="21 Feb 2018 11:04:05 GMT" time="48.868" errors="0">
  <testcase name="testVerifyActitimeVersion" time="19.655" classname="scripts.VerifyActitimeVersion"/>
  <testcase name="testInvalidLogin" time="6.483" classname="scripts.InvalidLogin"/>
  <testcase name="testValidLoginLogout" time="10.499" classname="scripts.ValidLoginLogout"/>
</testsuite> <!-- Test -->
