<?xml version="1.0" encoding="UTF-8"?>
<testng-results skipped="0" failed="0" total="3" passed="3">
  <reporter-output>
    <line>
      <![CDATA[title is same]]>
    </line>
    <line>
      <![CDATA[version is same]]>
    </line>
    <line>
      <![CDATA[title is same]]>
    </line>
    <line>
      <![CDATA[element is present]]>
    </line>
    <line>
      <![CDATA[title is same]]>
    </line>
    <line>
      <![CDATA[title is same]]>
    </line>
  </reporter-output>
  <suite name="Suite" duration-ms="48868" started-at="2018-02-21T11:03:16Z" finished-at="2018-02-21T11:04:05Z">
    <groups>
    </groups>
    <test name="Test" duration-ms="48868" started-at="2018-02-21T11:03:16Z" finished-at="2018-02-21T11:04:05Z">
      <class name="scripts.ValidLoginLogout">
        <test-method status="PASS" signature="openAppln()[pri:0, instance:scripts.ValidLoginLogout@643b1d11]" name="openAppln" is-config="true" duration-ms="3517" started-at="2018-02-21T16:33:51Z" finished-at="2018-02-21T16:33:54Z">
          <reporter-output>
          </reporter-output>
        </test-method> <!-- openAppln -->
        <test-method status="PASS" signature="testValidLoginLogout()[pri:0, instance:scripts.ValidLoginLogout@643b1d11]" name="testValidLoginLogout" duration-ms="10499" started-at="2018-02-21T16:33:54Z" finished-at="2018-02-21T16:34:05Z">
          <reporter-output>
            <line>
              <![CDATA[title is same]]>
            </line>
            <line>
              <![CDATA[title is same]]>
            </line>
          </reporter-output>
        </test-method> <!-- testValidLoginLogout -->
        <test-method status="PASS" signature="closeAppln()[pri:0, instance:scripts.ValidLoginLogout@643b1d11]" name="closeAppln" is-config="true" duration-ms="221" started-at="2018-02-21T16:34:05Z" finished-at="2018-02-21T16:34:05Z">
          <reporter-output>
          </reporter-output>
        </test-method> <!-- closeAppln -->
      </class> <!-- scripts.ValidLoginLogout -->
      <class name="scripts.InvalidLogin">
        <test-method status="PASS" signature="openAppln()[pri:0, instance:scripts.InvalidLogin@100fc185]" name="openAppln" is-config="true" duration-ms="3660" started-at="2018-02-21T16:33:40Z" finished-at="2018-02-21T16:33:44Z">
          <reporter-output>
          </reporter-output>
        </test-method> <!-- openAppln -->
        <test-method status="PASS" signature="testInvalidLogin()[pri:0, instance:scripts.InvalidLogin@100fc185]" name="testInvalidLogin" duration-ms="6483" started-at="2018-02-21T16:33:44Z" finished-at="2018-02-21T16:33:50Z">
          <reporter-output>
            <line>
              <![CDATA[element is present]]>
            </line>
          </reporter-output>
        </test-method> <!-- testInvalidLogin -->
        <test-method status="PASS" signature="closeAppln()[pri:0, instance:scripts.InvalidLogin@100fc185]" name="closeAppln" is-config="true" duration-ms="240" started-at="2018-02-21T16:33:50Z" finished-at="2018-02-21T16:33:51Z">
          <reporter-output>
          </reporter-output>
        </test-method> <!-- closeAppln -->
      </class> <!-- scripts.InvalidLogin -->
      <class name="scripts.VerifyActitimeVersion">
        <test-method status="PASS" signature="openAppln()[pri:0, instance:scripts.VerifyActitimeVersion@3a82f6ef]" name="openAppln" is-config="true" duration-ms="3998" started-at="2018-02-21T16:33:16Z" finished-at="2018-02-21T16:33:20Z">
          <reporter-output>
          </reporter-output>
        </test-method> <!-- openAppln -->
        <test-method status="PASS" signature="testVerifyActitimeVersion()[pri:0, instance:scripts.VerifyActitimeVersion@3a82f6ef]" name="testVerifyActitimeVersion" duration-ms="19655" started-at="2018-02-21T16:33:20Z" finished-at="2018-02-21T16:33:40Z">
          <reporter-output>
            <line>
              <![CDATA[title is same]]>
            </line>
            <line>
              <![CDATA[version is same]]>
            </line>
            <line>
              <![CDATA[title is same]]>
            </line>
          </reporter-output>
        </test-method> <!-- testVerifyActitimeVersion -->
        <test-method status="PASS" signature="closeAppln()[pri:0, instance:scripts.VerifyActitimeVersion@3a82f6ef]" name="closeAppln" is-config="true" duration-ms="578" started-at="2018-02-21T16:33:40Z" finished-at="2018-02-21T16:33:40Z">
          <reporter-output>
          </reporter-output>
        </test-method> <!-- closeAppln -->
      </class> <!-- scripts.VerifyActitimeVersion -->
    </test> <!-- Test -->
  </suite> <!-- Suite -->
</testng-results>
